<?xml version="1.0" encoding="UTF-8"?>
<!-- Generated by org.testng.reporters.JUnitReportReporter -->
<testsuite hostname="Nihansh" failures="0" tests="5" name="testCases.TC003_LoginDDT" time="67.812" errors="0" timestamp="2025-05-18T19:22:37 IST" skipped="0">
  <testcase classname="testCases.TC003_LoginDDT" name="verify_loginDDT" time="2.608"/>
  <testcase classname="testCases.TC003_LoginDDT" name="verify_loginDDT" time="20.955"/>
  <testcase classname="testCases.TC003_LoginDDT" name="verify_loginDDT" time="20.782"/>
  <testcase classname="testCases.TC003_LoginDDT" name="verify_loginDDT" time="2.588"/>
  <testcase classname="testCases.TC003_LoginDDT" name="verify_loginDDT" time="20.879"/>
</testsuite> <!-- testCases.TC003_LoginDDT -->
